[Apr-07-2023 11:29:49]	warn:[status: 404 message: buddy not found] path: GET /buddies/0019
[Apr-07-2023 11:30:21]	error:[status: 500 message: File not found] path: GET/buddies/0019
[Apr-07-2023 11:30:28]	warn:[status: 404 message: buddy not found] path: GET/buddies/0019
[Apr-07-2023 11:51:55]	warn:[status: 400 message: validate error] path: POST/buddies/
[Apr-07-2023 11:51:59]	warn:[status: 400 message: validate error] path: POST/buddies/
[Apr-07-2023 11:52:03]	warn:[status: 400 message: validate error] path: POST/buddies/
[Apr-07-2023 11:55:04]	warn:[status: 404 message: buddy not found] path: GET/buddies/0019
[Apr-07-2023 11:57:26]	warn:[status: 400 message: buddy already exists] path: POST/buddies/
[Apr-07-2023 11:57:28]	warn:[status: 400 message: buddy already exists] path: POST/buddies/
[Apr-07-2023 11:57:31]	warn:[status: 400 message: buddy already exists] path: POST/buddies/
[Apr-07-2023 11:57:32]	warn:[status: 400 message: buddy already exists] path: POST/buddies/
[Apr-07-2023 11:57:36]	warn:[status: 400 message: buddy already exists] path: POST/buddies/
[Apr-07-2023 11:57:37]	warn:[status: 400 message: buddy already exists] path: POST/buddies/
[Apr-07-2023 11:59:18]	warn:[status: 400 message: buddy already exists] path: POST/buddies/
[Apr-07-2023 11:59:22]	warn:[status: 400 message: buddy already exists] path: POST/buddies/
[Apr-07-2023 12:03:39]	warn:[status: 404 message: buddy not found] path: PUT/buddies/
[Apr-07-2023 12:05:59]	warn:[status: 404 message: buddy not found] path: PUT/buddies/
[Apr-07-2023 12:06:35]	warn:[status: 404 message: buddy not found] path: PUT/buddies/
[Apr-07-2023 12:06:40]	warn:[status: 404 message: buddy not found] path: PUT/buddies/
[Apr-07-2023 12:06:48]	warn:[status: 404 message: buddy not found] path: GET/buddies/0019
[Apr-07-2023 12:07:07]	warn:[status: 404 message: buddy not found] path: PUT/buddies/
[Apr-07-2023 12:14:23]	warn:[status: 400 message: validate error] path: PUT/buddies/
[Apr-07-2023 12:27:34]	warn:[status: 400 message: validate error] path: DELETE/buddies/004ee
[Apr-07-2023 12:28:55]	warn:[status: 404 message: buddy not found] path: DELETE/buddies/0044
[Apr-07-2023 12:29:35]	warn:[status: 404 message: buddy not found] path: DELETE/buddies/0044
[Apr-07-2023 12:29:39]	warn:[status: 400 message: validate error] path: DELETE/buddies/0044r
[Apr-07-2023 12:29:41]	warn:[status: 404 message: buddy not found] path: DELETE/buddies/0044
[Apr-07-2023 12:30:38]	warn:[status: 404 message: buddy not found] path: GET/buddies/123456789
[Apr-07-2023 12:30:55]	warn:[status: 400 message: validate error] path: GET/buddies/asdfghj
[Apr-07-2023 12:31:04]	warn:[status: 400 message: validate error] path: DELETE/buddies/asdfghj
[Apr-07-2023 12:31:09]	warn:[status: 400 message: validate error] path: DELETE/buddies/@%23$%25%5E&*
[Apr-07-2023 12:31:21]	warn:[status: 404 message: buddy not found] path: DELETE/buddies/012
[Apr-07-2023 12:31:27]	warn:[status: 404 message: buddy not found] path: DELETE/buddies/012
[Apr-07-2023 12:31:52]	warn:[status: 400 message: buddy already exists] path: POST/buddies/
[Apr-07-2023 12:31:57]	warn:[status: 400 message: validate error] path: POST/buddies/
[Apr-07-2023 12:32:05]	warn:[status: 400 message: validate error] path: POST/buddies/
[Apr-07-2023 12:32:10]	warn:[status: 400 message: validate error] path: POST/buddies/
[Apr-07-2023 12:32:23]	warn:[status: 400 message: validate error] path: POST/buddies/
[Apr-07-2023 12:33:09]	warn:[status: 400 message: validate error] path: PUT/buddies/
[Apr-07-2023 12:33:24]	warn:[status: 404 message: buddy not found] path: PUT/buddies/
[Apr-10-2023 10:45:48]	warn:[status: 400 message: validate error] path: POST/buddies/
[Apr-10-2023 10:47:05]	warn:[status: 400 message: buddy already exists] path: POST/buddies/
[Apr-10-2023 10:47:23]	warn:[status: 400 message: buddy already exists] path: POST/buddies/
[Apr-10-2023 10:47:34]	warn:[status: 400 message: buddy already exists] path: POST/buddies/
[Apr-10-2023 10:49:26]	warn:[status: 404 message: buddy not found] path: GET/buddies/007
